WalkMyAndroid-Starter/app/build/outputs/logs/manifest-merger-debug-report.txt
-- Merging decision tree log ---
manifest
ADDED from src\main\AndroidManifest.xml:16:1-39:12
INJECTED from src\main\AndroidManifest.xml:16:1-39:12
INJECTED from src\main\AndroidManifest.xml:16:1-39:12
INJECTED from src\main\AndroidManifest.xml:16:1-39:12
MERGED from [com.google.android.gms:play-services-location:17.1.0] AndroidManifest.xml:2:1-9:12
MERGED from [com.android.support:appcompat-v7:26.1.0] AndroidManifest.xml:17:1-31:12
MERGED from [com.android.support.constraint:constraint-layout:1.0.2] AndroidManifest.xml:2:1-11:12
MERGED from [com.google.android.gms:play-services-base:17.3.0] AndroidManifest.xml:17:1-29:12
MERGED from [com.google.android.gms:play-services-places-placereport:17.0.0] AndroidManifest.xml:17:1-24:12
MERGED from [com.google.android.gms:play-services-tasks:17.1.0] AndroidManifest.xml:2:1-9:12
MERGED from [com.google.android.gms:play-services-basement:17.3.0] AndroidManifest.xml:17:1-28:12
MERGED from [com.android.support:animated-vector-drawable:26.1.0] AndroidManifest.xml:17:1-28:12
MERGED from [com.android.support:support-vector-drawable:26.1.0] AndroidManifest.xml:17:1-28:12
MERGED from [com.android.support:support-v4:26.1.0] AndroidManifest.xml:17:1-31:12
MERGED from [com.android.support:support-media-compat:26.1.0] AndroidManifest.xml:17:1-31:12
MERGED from [com.android.support:support-fragment:26.1.0] AndroidManifest.xml:17:1-31:12
MERGED from [com.android.support:support-core-utils:26.1.0] AndroidManifest.xml:17:1-31:12
MERGED from [com.android.support:support-core-ui:26.1.0] AndroidManifest.xml:17:1-31:12
MERGED from [com.android.support:support-compat:26.1.0] AndroidManifest.xml:17:1-31:12
MERGED from [androidx.fragment:fragment:1.0.0] AndroidManifest.xml:17:1-22:12
MERGED from [androidx.legacy:legacy-support-core-ui:1.0.0] AndroidManifest.xml:17:1-22:12
MERGED from [androidx.legacy:legacy-support-core-utils:1.0.0] AndroidManifest.xml:17:1-22:12
MERGED from [androidx.loader:loader:1.0.0] AndroidManifest.xml:17:1-22:12
MERGED from [androidx.viewpager:viewpager:1.0.0] AndroidManifest.xml:17:1-22:12
MERGED from [androidx.coordinatorlayout:coordinatorlayout:1.0.0] AndroidManifest.xml:17:1-22:12
MERGED from [androidx.drawerlayout:drawerlayout:1.0.0] AndroidManifest.xml:17:1-22:12
MERGED from [androidx.slidingpanelayout:slidingpanelayout:1.0.0] AndroidManifest.xml:17:1-22:12
MERGED from [androidx.customview:customview:1.0.0] AndroidManifest.xml:17:1-22:12
MERGED from [androidx.swiperefreshlayout:swiperefreshlayout:1.0.0] AndroidManifest.xml:17:1-22:12
MERGED from [androidx.asynclayoutinflater:asynclayoutinflater:1.0.0] AndroidManifest.xml:17:1-22:12
MERGED from [androidx.core:core:1.2.0] AndroidManifest.xml:17:1-26:12
MERGED from [androidx.versionedparcelable:versionedparcelable:1.1.0] AndroidManifest.xml:17:1-27:12
MERGED from [androidx.lifecycle:lifecycle-viewmodel:2.0.0] AndroidManifest.xml:17:1-22:12
MERGED from [androidx.interpolator:interpolator:1.0.0] AndroidManifest.xml:17:1-22:12
MERGED from [androidx.cursoradapter:cursoradapter:1.0.0] AndroidManifest.xml:17:1-22:12
MERGED from [androidx.documentfile:documentfile:1.0.0] AndroidManifest.xml:17:1-22:12
MERGED from [androidx.localbroadcastmanager:localbroadcastmanager:1.0.0] AndroidManifest.xml:17:1-22:12
MERGED from [androidx.print:print:1.0.0] AndroidManifest.xml:17:1-22:12
MERGED from [androidx.lifecycle:lifecycle-livedata:2.0.0] AndroidManifest.xml:17:1-22:12
MERGED from [androidx.lifecycle:lifecycle-livedata-core:2.0.0] AndroidManifest.xml:17:1-22:12
MERGED from [androidx.arch.core:core-runtime:2.0.0] AndroidManifest.xml:17:1-22:12
MERGED from [androidx.lifecycle:lifecycle-runtime:2.0.0] AndroidManifest.xml:17:1-22:12
MERGED from [android.arch.lifecycle:runtime:1.0.0] AndroidManifest.xml:17:1-30:12
INJECTED from src\main\AndroidManifest.xml:16:1-39:12
INJECTED from src\main\AndroidManifest.xml:16:1-39:12
INJECTED from src\main\AndroidManifest.xml:16:1-39:12
	package
		ADDED from src\main\AndroidManifest.xml:17:5-48
		INJECTED from src\main\AndroidManifest.xml
		INJECTED from src\main\AndroidManifest.xml
	android:versionName
		INJECTED from src\main\AndroidManifest.xml
		ADDED from src\main\AndroidManifest.xml:16:1-39:12
		INJECTED from src\main\AndroidManifest.xml
	android:versionCode
		INJECTED from src\main\AndroidManifest.xml
		ADDED from src\main\AndroidManifest.xml:16:1-39:12
		INJECTED from src\main\AndroidManifest.xml
	xmlns:android
		ADDED from src\main\AndroidManifest.xml:16:11-69
application
ADDED from src\main\AndroidManifest.xml:19:5-34:19
MERGED from [com.google.android.gms:play-services-location:17.1.0] AndroidManifest.xml:7:5-20
MERGED from [com.google.android.gms:play-services-location:17.1.0] AndroidManifest.xml:7:5-20
MERGED from [com.android.support:appcompat-v7:26.1.0] AndroidManifest.xml:25:5-29:19
MERGED from [com.android.support:appcompat-v7:26.1.0] AndroidManifest.xml:25:5-29:19
MERGED from [com.android.support.constraint:constraint-layout:1.0.2] AndroidManifest.xml:9:5-20
MERGED from [com.android.support.constraint:constraint-layout:1.0.2] AndroidManifest.xml:9:5-20
MERGED from [com.google.android.gms:play-services-base:17.3.0] AndroidManifest.xml:22:5-27:19
MERGED from [com.google.android.gms:play-services-base:17.3.0] AndroidManifest.xml:22:5-27:19
MERGED from [com.google.android.gms:play-services-places-placereport:17.0.0] AndroidManifest.xml:22:5-20
MERGED from [com.google.android.gms:play-services-places-placereport:17.0.0] AndroidManifest.xml:22:5-20
MERGED from [com.google.android.gms:play-services-tasks:17.1.0] AndroidManifest.xml:7:5-20
MERGED from [com.google.android.gms:play-services-tasks:17.1.0] AndroidManifest.xml:7:5-20
MERGED from [com.google.android.gms:play-services-basement:17.3.0] AndroidManifest.xml:22:5-26:19
MERGED from [com.google.android.gms:play-services-basement:17.3.0] AndroidManifest.xml:22:5-26:19
MERGED from [com.android.support:animated-vector-drawable:26.1.0] AndroidManifest.xml:22:5-26:19
MERGED from [com.android.support:animated-vector-drawable:26.1.0] AndroidManifest.xml:22:5-26:19
MERGED from [com.android.support:support-vector-drawable:26.1.0] AndroidManifest.xml:22:5-26:19
MERGED from [com.android.support:support-vector-drawable:26.1.0] AndroidManifest.xml:22:5-26:19
MERGED from [com.android.support:support-v4:26.1.0] AndroidManifest.xml:25:5-29:19
MERGED from [com.android.support:support-v4:26.1.0] AndroidManifest.xml:25:5-29:19
MERGED from [com.android.support:support-media-compat:26.1.0] AndroidManifest.xml:25:5-29:19
MERGED from [com.android.support:support-media-compat:26.1.0] AndroidManifest.xml:25:5-29:19
MERGED from [com.android.support:support-fragment:26.1.0] AndroidManifest.xml:25:5-29:19
MERGED from [com.android.support:support-fragment:26.1.0] AndroidManifest.xml:25:5-29:19
MERGED from [com.android.support:support-core-utils:26.1.0] AndroidManifest.xml:25:5-29:19
MERGED from [com.android.support:support-core-utils:26.1.0] AndroidManifest.xml:25:5-29:19
MERGED from [com.android.support:support-core-ui:26.1.0] AndroidManifest.xml:25:5-29:19
MERGED from [com.android.support:support-core-ui:26.1.0] AndroidManifest.xml:25:5-29:19
MERGED from [com.android.support:support-compat:26.1.0] AndroidManifest.xml:25:5-29:19
MERGED from [com.android.support:support-compat:26.1.0] AndroidManifest.xml:25:5-29:19
MERGED from [androidx.core:core:1.2.0] AndroidManifest.xml:24:5-89
MERGED from [androidx.core:core:1.2.0] AndroidManifest.xml:24:5-89
MERGED from [androidx.versionedparcelable:versionedparcelable:1.1.0] AndroidManifest.xml:24:5-25:19
MERGED from [androidx.versionedparcelable:versionedparcelable:1.1.0] AndroidManifest.xml:24:5-25:19
MERGED from [android.arch.lifecycle:runtime:1.0.0] AndroidManifest.xml:24:5-28:19
MERGED from [android.arch.lifecycle:runtime:1.0.0] AndroidManifest.xml:24:5-28:19
	android:appComponentFactory
		ADDED from [androidx.core:core:1.2.0] AndroidManifest.xml:24:18-86
	android:supportsRtl
		ADDED from src\main\AndroidManifest.xml:24:9-35
	android:label
		ADDED from src\main\AndroidManifest.xml:22:9-41
	android:roundIcon
		ADDED from src\main\AndroidManifest.xml:23:9-54
	android:icon
		ADDED from src\main\AndroidManifest.xml:21:9-43
	android:allowBackup
		ADDED from src\main\AndroidManifest.xml:20:9-35
	android:theme
		ADDED from src\main\AndroidManifest.xml:25:9-40
activity#com.example.android.walkmyandroid.MainActivity
ADDED from src\main\AndroidManifest.xml:26:9-32:20
	android:name
		ADDED from src\main\AndroidManifest.xml:26:19-47
intent-filter#action:name:android.intent.action.MAIN+category:name:android.intent.category.LAUNCHER
ADDED from src\main\AndroidManifest.xml:27:13-31:29
action#android.intent.action.MAIN
ADDED from src\main\AndroidManifest.xml:28:17-69
	android:name
		ADDED from src\main\AndroidManifest.xml:28:25-66
category#android.intent.category.LAUNCHER
ADDED from src\main\AndroidManifest.xml:30:17-77
	android:name
		ADDED from src\main\AndroidManifest.xml:30:27-74
uses-permission#android.permission.INTERNET
ADDED from src\main\AndroidManifest.xml:35:5-67
	android:name
		ADDED from src\main\AndroidManifest.xml:35:22-64
uses-permission#android.permission.ACCESS_FINE_LOCATION
ADDED from src\main\AndroidManifest.xml:36:5-79
	android:name
		ADDED from src\main\AndroidManifest.xml:36:22-76
uses-permission#android.permission.ACCESS_COARSE_LOCATION
ADDED from src\main\AndroidManifest.xml:37:5-81
	android:name
		ADDED from src\main\AndroidManifest.xml:37:22-78
uses-sdk
INJECTED from src\main\AndroidManifest.xml reason: use-sdk injection requested
INJECTED from src\main\AndroidManifest.xml
INJECTED from src\main\AndroidManifest.xml
MERGED from [com.google.android.gms:play-services-location:17.1.0] AndroidManifest.xml:5:5-44
MERGED from [com.google.android.gms:play-services-location:17.1.0] AndroidManifest.xml:5:5-44
MERGED from [com.android.support:appcompat-v7:26.1.0] AndroidManifest.xml:21:5-23:78
MERGED from [com.android.support:appcompat-v7:26.1.0] AndroidManifest.xml:21:5-23:78
MERGED from [com.android.support.constraint:constraint-layout:1.0.2] AndroidManifest.xml:5:5-7:41
MERGED from [com.android.support.constraint:constraint-layout:1.0.2] AndroidManifest.xml:5:5-7:41
MERGED from [com.google.android.gms:play-services-base:17.3.0] AndroidManifest.xml:20:5-44
MERGED from [com.google.android.gms:play-services-base:17.3.0] AndroidManifest.xml:20:5-44
MERGED from [com.google.android.gms:play-services-places-placereport:17.0.0] AndroidManifest.xml:20:5-44
MERGED from [com.google.android.gms:play-services-places-placereport:17.0.0] AndroidManifest.xml:20:5-44
MERGED from [com.google.android.gms:play-services-tasks:17.1.0] AndroidManifest.xml:5:5-44
MERGED from [com.google.android.gms:play-services-tasks:17.1.0] AndroidManifest.xml:5:5-44
MERGED from [com.google.android.gms:play-services-basement:17.3.0] AndroidManifest.xml:20:5-44
MERGED from [com.google.android.gms:play-services-basement:17.3.0] AndroidManifest.xml:20:5-44
MERGED from [com.android.support:animated-vector-drawable:26.1.0] AndroidManifest.xml:20:5-44
MERGED from [com.android.support:animated-vector-drawable:26.1.0] AndroidManifest.xml:20:5-44
MERGED from [com.android.support:support-vector-drawable:26.1.0] AndroidManifest.xml:20:5-44
MERGED from [com.android.support:support-vector-drawable:26.1.0] AndroidManifest.xml:20:5-44
MERGED from [com.android.support:support-v4:26.1.0] AndroidManifest.xml:21:5-23:54
MERGED from [com.android.support:support-v4:26.1.0] AndroidManifest.xml:21:5-23:54
MERGED from [com.android.support:support-media-compat:26.1.0] AndroidManifest.xml:21:5-23:63
MERGED from [com.android.support:support-media-compat:26.1.0] AndroidManifest.xml:21:5-23:63
MERGED from [com.android.support:support-fragment:26.1.0] AndroidManifest.xml:21:5-23:60
MERGED from [com.android.support:support-fragment:26.1.0] AndroidManifest.xml:21:5-23:60
MERGED from [com.android.support:support-core-utils:26.1.0] AndroidManifest.xml:21:5-23:61
MERGED from [com.android.support:support-core-utils:26.1.0] AndroidManifest.xml:21:5-23:61
MERGED from [com.android.support:support-core-ui:26.1.0] AndroidManifest.xml:21:5-23:58
MERGED from [com.android.support:support-core-ui:26.1.0] AndroidManifest.xml:21:5-23:58
MERGED from [com.android.support:support-compat:26.1.0] AndroidManifest.xml:21:5-23:58
MERGED from [com.android.support:support-compat:26.1.0] AndroidManifest.xml:21:5-23:58
MERGED from [androidx.fragment:fragment:1.0.0] AndroidManifest.xml:20:5-44
MERGED from [androidx.fragment:fragment:1.0.0] AndroidManifest.xml:20:5-44
MERGED from [androidx.legacy:legacy-support-core-ui:1.0.0] AndroidManifest.xml:20:5-44
MERGED from [androidx.legacy:legacy-support-core-ui:1.0.0] AndroidManifest.xml:20:5-44
MERGED from [androidx.legacy:legacy-support-core-utils:1.0.0] AndroidManifest.xml:20:5-44
MERGED from [androidx.legacy:legacy-support-core-utils:1.0.0] AndroidManifest.xml:20:5-44
MERGED from [androidx.loader:loader:1.0.0] AndroidManifest.xml:20:5-44
MERGED from [androidx.loader:loader:1.0.0] AndroidManifest.xml:20:5-44
MERGED from [androidx.viewpager:viewpager:1.0.0] AndroidManifest.xml:20:5-44
MERGED from [androidx.viewpager:viewpager:1.0.0] AndroidManifest.xml:20:5-44
MERGED from [androidx.coordinatorlayout:coordinatorlayout:1.0.0] AndroidManifest.xml:20:5-44
MERGED from [androidx.coordinatorlayout:coordinatorlayout:1.0.0] AndroidManifest.xml:20:5-44
MERGED from [androidx.drawerlayout:drawerlayout:1.0.0] AndroidManifest.xml:20:5-44
MERGED from [androidx.drawerlayout:drawerlayout:1.0.0] AndroidManifest.xml:20:5-44
MERGED from [androidx.slidingpanelayout:slidingpanelayout:1.0.0] AndroidManifest.xml:20:5-44
MERGED from [androidx.slidingpanelayout:slidingpanelayout:1.0.0] AndroidManifest.xml:20:5-44
MERGED from [androidx.customview:customview:1.0.0] AndroidManifest.xml:20:5-44
MERGED from [androidx.customview:customview:1.0.0] AndroidManifest.xml:20:5-44
MERGED from [androidx.swiperefreshlayout:swiperefreshlayout:1.0.0] AndroidManifest.xml:20:5-44
MERGED from [androidx.swiperefreshlayout:swiperefreshlayout:1.0.0] AndroidManifest.xml:20:5-44
MERGED from [androidx.asynclayoutinflater:asynclayoutinflater:1.0.0] AndroidManifest.xml:20:5-44
MERGED from [androidx.asynclayoutinflater:asynclayoutinflater:1.0.0] AndroidManifest.xml:20:5-44
MERGED from [androidx.core:core:1.2.0] AndroidManifest.xml:20:5-22:41
MERGED from [androidx.core:core:1.2.0] AndroidManifest.xml:20:5-22:41
MERGED from [androidx.versionedparcelable:versionedparcelable:1.1.0] AndroidManifest.xml:20:5-22:41
MERGED from [androidx.versionedparcelable:versionedparcelable:1.1.0] AndroidManifest.xml:20:5-22:41
MERGED from [androidx.lifecycle:lifecycle-viewmodel:2.0.0] AndroidManifest.xml:20:5-44
MERGED from [androidx.lifecycle:lifecycle-viewmodel:2.0.0] AndroidManifest.xml:20:5-44
MERGED from [androidx.interpolator:interpolator:1.0.0] AndroidManifest.xml:20:5-44
MERGED from [androidx.interpolator:interpolator:1.0.0] AndroidManifest.xml:20:5-44
MERGED from [androidx.cursoradapter:cursoradapter:1.0.0] AndroidManifest.xml:20:5-44
MERGED from [androidx.cursoradapter:cursoradapter:1.0.0] AndroidManifest.xml:20:5-44
MERGED from [androidx.documentfile:documentfile:1.0.0] AndroidManifest.xml:20:5-44
MERGED from [androidx.documentfile:documentfile:1.0.0] AndroidManifest.xml:20:5-44
MERGED from [androidx.localbroadcastmanager:localbroadcastmanager:1.0.0] AndroidManifest.xml:20:5-44
MERGED from [androidx.localbroadcastmanager:localbroadcastmanager:1.0.0] AndroidManifest.xml:20:5-44
MERGED from [androidx.print:print:1.0.0] AndroidManifest.xml:20:5-44
MERGED from [androidx.print:print:1.0.0] AndroidManifest.xml:20:5-44
MERGED from [androidx.lifecycle:lifecycle-livedata:2.0.0] AndroidManifest.xml:20:5-44
MERGED from [androidx.lifecycle:lifecycle-livedata:2.0.0] AndroidManifest.xml:20:5-44
MERGED from [androidx.lifecycle:lifecycle-livedata-core:2.0.0] AndroidManifest.xml:20:5-44
MERGED from [androidx.lifecycle:lifecycle-livedata-core:2.0.0] AndroidManifest.xml:20:5-44
MERGED from [androidx.arch.core:core-runtime:2.0.0] AndroidManifest.xml:20:5-44
MERGED from [androidx.arch.core:core-runtime:2.0.0] AndroidManifest.xml:20:5-44
MERGED from [androidx.lifecycle:lifecycle-runtime:2.0.0] AndroidManifest.xml:20:5-44
MERGED from [androidx.lifecycle:lifecycle-runtime:2.0.0] AndroidManifest.xml:20:5-44
MERGED from [android.arch.lifecycle:runtime:1.0.0] AndroidManifest.xml:20:5-22:41
MERGED from [android.arch.lifecycle:runtime:1.0.0] AndroidManifest.xml:20:5-22:41
INJECTED from src\main\AndroidManifest.xml
INJECTED from src\main\AndroidManifest.xml
	tools:overrideLibrary
		ADDED from [com.android.support:appcompat-v7:26.1.0] AndroidManifest.xml:23:9-75
	android:targetSdkVersion
		INJECTED from src\main\AndroidManifest.xml
		ADDED from src\main\AndroidManifest.xml
		INJECTED from src\main\AndroidManifest.xml
	android:minSdkVersion
		INJECTED from src\main\AndroidManifest.xml
		ADDED from src\main\AndroidManifest.xml
		INJECTED from src\main\AndroidManifest.xml
meta-data#android.support.VERSION
ADDED from [com.android.support:appcompat-v7:26.1.0] AndroidManifest.xml:26:9-28:38
MERGED from [com.android.support:animated-vector-drawable:26.1.0] AndroidManifest.xml:23:9-25:38
MERGED from [com.android.support:animated-vector-drawable:26.1.0] AndroidManifest.xml:23:9-25:38
MERGED from [com.android.support:support-vector-drawable:26.1.0] AndroidManifest.xml:23:9-25:38
MERGED from [com.android.support:support-vector-drawable:26.1.0] AndroidManifest.xml:23:9-25:38
MERGED from [com.android.support:support-v4:26.1.0] AndroidManifest.xml:26:9-28:38
MERGED from [com.android.support:support-v4:26.1.0] AndroidManifest.xml:26:9-28:38
MERGED from [com.android.support:support-media-compat:26.1.0] AndroidManifest.xml:26:9-28:38
MERGED from [com.android.support:support-media-compat:26.1.0] AndroidManifest.xml:26:9-28:38
MERGED from [com.android.support:support-fragment:26.1.0] AndroidManifest.xml:26:9-28:38
MERGED from [com.android.support:support-fragment:26.1.0] AndroidManifest.xml:26:9-28:38
MERGED from [com.android.support:support-core-utils:26.1.0] AndroidManifest.xml:26:9-28:38
MERGED from [com.android.support:support-core-utils:26.1.0] AndroidManifest.xml:26:9-28:38
MERGED from [com.android.support:support-core-ui:26.1.0] AndroidManifest.xml:26:9-28:38
MERGED from [com.android.support:support-core-ui:26.1.0] AndroidManifest.xml:26:9-28:38
MERGED from [com.android.support:support-compat:26.1.0] AndroidManifest.xml:26:9-28:38
MERGED from [com.android.support:support-compat:26.1.0] AndroidManifest.xml:26:9-28:38
	android:value
		ADDED from [com.android.support:appcompat-v7:26.1.0] AndroidManifest.xml:28:13-35
	android:name
		ADDED from [com.android.support:appcompat-v7:26.1.0] AndroidManifest.xml:27:13-51
activity#com.google.android.gms.common.api.GoogleApiActivity
ADDED from [com.google.android.gms:play-services-base:17.3.0] AndroidManifest.xml:23:9-26:75
	android:exported
		ADDED from [com.google.android.gms:play-services-base:17.3.0] AndroidManifest.xml:25:13-37
	android:theme
		ADDED from [com.google.android.gms:play-services-base:17.3.0] AndroidManifest.xml:26:13-72
	android:name
		ADDED from [com.google.android.gms:play-services-base:17.3.0] AndroidManifest.xml:24:13-79
meta-data#com.google.android.gms.version
ADDED from [com.google.android.gms:play-services-basement:17.3.0] AndroidManifest.xml:23:9-25:69
	android:value
		ADDED from [com.google.android.gms:play-services-basement:17.3.0] AndroidManifest.xml:25:13-66
	android:name
		ADDED from [com.google.android.gms:play-services-basement:17.3.0] AndroidManifest.xml:24:13-58
meta-data#android.arch.lifecycle.VERSION
ADDED from [android.arch.lifecycle:runtime:1.0.0] AndroidManifest.xml:25:9-27:47
	android:value
		ADDED from [android.arch.lifecycle:runtime:1.0.0] AndroidManifest.xml:27:13-44
	android:name
		ADDED from [android.arch.lifecycle:runtime:1.0.0] AndroidManifest.xml:26:13-58